# JRE version: Java(TM) SE Runtime Environment (15.0.1+9) (build 15.0.1+9-18)
# Java VM: Java HotSpot(TM) 64-Bit Server VM (15.0.1+9-18, mixed mode, sharing, tiered, compressed oops, g1 gc, windows-amd64)
GC Precious Log:
 CPUs: 8 total, 8 available
 Memory: 8072M
 Large Page Support: Disabled
 NUMA Support: Disabled
 Compressed Oops: Enabled (32-bit)
 Heap Region Size: 1M
 Heap Min Capacity: 8M
 Heap Initial Capacity: 128M
 Heap Max Capacity: 2020M
 Pre-touch: Disabled
 Parallel Workers: 8
 Concurrent Workers: 2
 Concurrent Refinement Workers: 8
 Periodic GC: Disabled
Heap:
 garbage-first heap   total 377856K, used 148026K [0x0000000081c00000, 0x0000000100000000)
  region size 1024K, 1 young (1024K), 1 survivors (1024K)
 Metaspace       used 12616K, capacity 14399K, committed 14464K, reserved 1062912K
  class space    used 1710K, capacity 1916K, committed 1920K, reserved 1048576K
GC Heap History (20 events):
Event: 4.181 GC heap after
{Heap after GC invocations=18 (full 0):
 garbage-first heap   total 165888K, used 96786K [0x0000000081c00000, 0x0000000100000000)
  region size 1024K, 1 young (1024K), 1 survivors (1024K)
 Metaspace       used 12610K, capacity 14399K, committed 14464K, reserved 1062912K
  class space    used 1710K, capacity 1916K, committed 1920K, reserved 1048576K
}
Event: 4.205 GC heap before
{Heap before GC invocations=19 (full 0):
 garbage-first heap   total 174080K, used 101906K [0x0000000081c00000, 0x0000000100000000)
  region size 1024K, 2 young (2048K), 1 survivors (1024K)
 Metaspace       used 12610K, capacity 14399K, committed 14464K, reserved 1062912K
  class space    used 1710K, capacity 1916K, committed 1920K, reserved 1048576K
}
Event: 4.206 GC heap after
{Heap after GC invocations=20 (full 0):
 garbage-first heap   total 174080K, used 101910K [0x0000000081c00000, 0x0000000100000000)
  region size 1024K, 1 young (1024K), 1 survivors (1024K)
 Metaspace       used 12610K, capacity 14399K, committed 14464K, reserved 1062912K
  class space    used 1710K, capacity 1916K, committed 1920K, reserved 1048576K
}
Event: 4.229 GC heap before
{Heap before GC invocations=21 (full 0):
 garbage-first heap   total 183296K, used 107030K [0x0000000081c00000, 0x0000000100000000)
  region size 1024K, 2 young (2048K), 1 survivors (1024K)
 Metaspace       used 12610K, capacity 14399K, committed 14464K, reserved 1062912K
  class space    used 1710K, capacity 1916K, committed 1920K, reserved 1048576K
}
Event: 4.230 GC heap after
{Heap after GC invocations=22 (full 0):
 garbage-first heap   total 183296K, used 107032K [0x0000000081c00000, 0x0000000100000000)
  region size 1024K, 1 young (1024K), 1 survivors (1024K)
 Metaspace       used 12610K, capacity 14399K, committed 14464K, reserved 1062912K
  class space    used 1710K, capacity 1916K, committed 1920K, reserved 1048576K
}
Event: 4.252 GC heap before
{Heap before GC invocations=23 (full 0):
 garbage-first heap   total 191488K, used 112152K [0x0000000081c00000, 0x0000000100000000)
  region size 1024K, 2 young (2048K), 1 survivors (1024K)
 Metaspace       used 12610K, capacity 14399K, committed 14464K, reserved 1062912K
  class space    used 1710K, capacity 1916K, committed 1920K, reserved 1048576K
}
Event: 4.253 GC heap after
{Heap after GC invocations=24 (full 0):
 garbage-first heap   total 191488K, used 112154K [0x0000000081c00000, 0x0000000100000000)
  region size 1024K, 1 young (1024K), 1 survivors (1024K)
 Metaspace       used 12610K, capacity 14399K, committed 14464K, reserved 1062912K
  class space    used 1710K, capacity 1916K, committed 1920K, reserved 1048576K
}
Event: 4.276 GC heap before
{Heap before GC invocations=25 (full 0):
 garbage-first heap   total 199680K, used 117274K [0x0000000081c00000, 0x0000000100000000)
  region size 1024K, 2 young (2048K), 1 survivors (1024K)
 Metaspace       used 12610K, capacity 14399K, committed 14464K, reserved 1062912K
  class space    used 1710K, capacity 1916K, committed 1920K, reserved 1048576K
}
Event: 4.277 GC heap after
{Heap after GC invocations=26 (full 0):
 garbage-first heap   total 199680K, used 117274K [0x0000000081c00000, 0x0000000100000000)
  region size 1024K, 1 young (1024K), 1 survivors (1024K)
 Metaspace       used 12610K, capacity 14399K, committed 14464K, reserved 1062912K
  class space    used 1710K, capacity 1916K, committed 1920K, reserved 1048576K
}
Event: 4.301 GC heap before
{Heap before GC invocations=27 (full 0):
 garbage-first heap   total 208896K, used 122394K [0x0000000081c00000, 0x0000000100000000)
  region size 1024K, 2 young (2048K), 1 survivors (1024K)
 Metaspace       used 12610K, capacity 14399K, committed 14464K, reserved 1062912K
  class space    used 1710K, capacity 1916K, committed 1920K, reserved 1048576K
}
Event: 4.302 GC heap after
{Heap after GC invocations=28 (full 0):
 garbage-first heap   total 208896K, used 122399K [0x0000000081c00000, 0x0000000100000000)
  region size 1024K, 1 young (1024K), 1 survivors (1024K)
 Metaspace       used 12610K, capacity 14399K, committed 14464K, reserved 1062912K
  class space    used 1710K, capacity 1916K, committed 1920K, reserved 1048576K
}
Event: 4.325 GC heap before
{Heap before GC invocations=29 (full 0):
 garbage-first heap   total 217088K, used 127519K [0x0000000081c00000, 0x0000000100000000)
  region size 1024K, 2 young (2048K), 1 survivors (1024K)
 Metaspace       used 12611K, capacity 14399K, committed 14464K, reserved 1062912K
  class space    used 1710K, capacity 1916K, committed 1920K, reserved 1048576K
}
Event: 4.327 GC heap after
{Heap after GC invocations=30 (full 0):
 garbage-first heap   total 277504K, used 127520K [0x0000000081c00000, 0x0000000100000000)
  region size 1024K, 1 young (1024K), 1 survivors (1024K)
 Metaspace       used 12611K, capacity 14399K, committed 14464K, reserved 1062912K
  class space    used 1710K, capacity 1916K, committed 1920K, reserved 1048576K
}
Event: 4.351 GC heap before
{Heap before GC invocations=31 (full 0):
 garbage-first heap   total 277504K, used 132640K [0x0000000081c00000, 0x0000000100000000)
  region size 1024K, 2 young (2048K), 1 survivors (1024K)
 Metaspace       used 12615K, capacity 14399K, committed 14464K, reserved 1062912K
  class space    used 1710K, capacity 1916K, committed 1920K, reserved 1048576K
}
Event: 4.352 GC heap after
{Heap after GC invocations=32 (full 0):
 garbage-first heap   total 277504K, used 132643K [0x0000000081c00000, 0x0000000100000000)
  region size 1024K, 1 young (1024K), 1 survivors (1024K)
 Metaspace       used 12615K, capacity 14399K, committed 14464K, reserved 1062912K
  class space    used 1710K, capacity 1916K, committed 1920K, reserved 1048576K
}
Event: 4.376 GC heap before
{Heap before GC invocations=33 (full 0):
 garbage-first heap   total 277504K, used 137763K [0x0000000081c00000, 0x0000000100000000)
  region size 1024K, 2 young (2048K), 1 survivors (1024K)
 Metaspace       used 12615K, capacity 14399K, committed 14464K, reserved 1062912K
  class space    used 1710K, capacity 1916K, committed 1920K, reserved 1048576K
}
Event: 4.378 GC heap after
{Heap after GC invocations=34 (full 0):
 garbage-first heap   total 277504K, used 137768K [0x0000000081c00000, 0x0000000100000000)
  region size 1024K, 1 young (1024K), 1 survivors (1024K)
 Metaspace       used 12615K, capacity 14399K, committed 14464K, reserved 1062912K
  class space    used 1710K, capacity 1916K, committed 1920K, reserved 1048576K
}
Event: 4.402 GC heap before
{Heap before GC invocations=35 (full 0):
 garbage-first heap   total 277504K, used 142888K [0x0000000081c00000, 0x0000000100000000)
  region size 1024K, 2 young (2048K), 1 survivors (1024K)
 Metaspace       used 12615K, capacity 14399K, committed 14464K, reserved 1062912K
  class space    used 1710K, capacity 1916K, committed 1920K, reserved 1048576K
}
Event: 4.404 GC heap after
{Heap after GC invocations=36 (full 0):
 garbage-first heap   total 277504K, used 142895K [0x0000000081c00000, 0x0000000100000000)
  region size 1024K, 1 young (1024K), 1 survivors (1024K)
 Metaspace       used 12615K, capacity 14399K, committed 14464K, reserved 1062912K
  class space    used 1710K, capacity 1916K, committed 1920K, reserved 1048576K
}
Event: 4.428 GC heap before
{Heap before GC invocations=37 (full 0):
 garbage-first heap   total 277504K, used 148015K [0x0000000081c00000, 0x0000000100000000)
  region size 1024K, 2 young (2048K), 1 survivors (1024K)
 Metaspace       used 12616K, capacity 14399K, committed 14464K, reserved 1062912K
  class space    used 1710K, capacity 1916K, committed 1920K, reserved 1048576K
}

