# JRE version: Java(TM) SE Runtime Environment (15.0.1+9) (build 15.0.1+9-18)
# Java VM: Java HotSpot(TM) 64-Bit Server VM (15.0.1+9-18, mixed mode, sharing, tiered, compressed oops, g1 gc, windows-amd64)
GC Precious Log:
 CPUs: 8 total, 8 available
 Memory: 8072M
 Large Page Support: Disabled
 NUMA Support: Disabled
 Compressed Oops: Enabled (32-bit)
 Heap Region Size: 1M
 Heap Min Capacity: 8M
 Heap Initial Capacity: 128M
 Heap Max Capacity: 2020M
 Pre-touch: Disabled
 Parallel Workers: 8
 Concurrent Workers: 2
 Concurrent Refinement Workers: 8
 Periodic GC: Disabled
Heap:
 garbage-first heap   total 344064K, used 147695K [0x0000000081c00000, 0x0000000100000000)
  region size 1024K, 1 young (1024K), 1 survivors (1024K)
 Metaspace       used 12626K, capacity 14375K, committed 14464K, reserved 1062912K
  class space    used 1711K, capacity 1908K, committed 1920K, reserved 1048576K
GC Heap History (20 events):
Event: 143.752 GC heap after
{Heap after GC invocations=18 (full 0):
 garbage-first heap   total 165888K, used 96465K [0x0000000081c00000, 0x0000000100000000)
  region size 1024K, 1 young (1024K), 1 survivors (1024K)
 Metaspace       used 12617K, capacity 14375K, committed 14464K, reserved 1062912K
  class space    used 1711K, capacity 1908K, committed 1920K, reserved 1048576K
}
Event: 143.774 GC heap before
{Heap before GC invocations=19 (full 0):
 garbage-first heap   total 174080K, used 101585K [0x0000000081c00000, 0x0000000100000000)
  region size 1024K, 2 young (2048K), 1 survivors (1024K)
 Metaspace       used 12617K, capacity 14375K, committed 14464K, reserved 1062912K
  class space    used 1711K, capacity 1908K, committed 1920K, reserved 1048576K
}
Event: 143.775 GC heap after
{Heap after GC invocations=20 (full 0):
 garbage-first heap   total 174080K, used 101589K [0x0000000081c00000, 0x0000000100000000)
  region size 1024K, 1 young (1024K), 1 survivors (1024K)
 Metaspace       used 12617K, capacity 14375K, committed 14464K, reserved 1062912K
  class space    used 1711K, capacity 1908K, committed 1920K, reserved 1048576K
}
Event: 143.801 GC heap before
{Heap before GC invocations=21 (full 0):
 garbage-first heap   total 183296K, used 106709K [0x0000000081c00000, 0x0000000100000000)
  region size 1024K, 2 young (2048K), 1 survivors (1024K)
 Metaspace       used 12617K, capacity 14375K, committed 14464K, reserved 1062912K
  class space    used 1711K, capacity 1908K, committed 1920K, reserved 1048576K
}
Event: 143.802 GC heap after
{Heap after GC invocations=22 (full 0):
 garbage-first heap   total 183296K, used 106713K [0x0000000081c00000, 0x0000000100000000)
  region size 1024K, 1 young (1024K), 1 survivors (1024K)
 Metaspace       used 12617K, capacity 14375K, committed 14464K, reserved 1062912K
  class space    used 1711K, capacity 1908K, committed 1920K, reserved 1048576K
}
Event: 143.827 GC heap before
{Heap before GC invocations=23 (full 0):
 garbage-first heap   total 191488K, used 111833K [0x0000000081c00000, 0x0000000100000000)
  region size 1024K, 2 young (2048K), 1 survivors (1024K)
 Metaspace       used 12617K, capacity 14375K, committed 14464K, reserved 1062912K
  class space    used 1711K, capacity 1908K, committed 1920K, reserved 1048576K
}
Event: 143.827 GC heap after
{Heap after GC invocations=24 (full 0):
 garbage-first heap   total 191488K, used 111833K [0x0000000081c00000, 0x0000000100000000)
  region size 1024K, 1 young (1024K), 1 survivors (1024K)
 Metaspace       used 12617K, capacity 14375K, committed 14464K, reserved 1062912K
  class space    used 1711K, capacity 1908K, committed 1920K, reserved 1048576K
}
Event: 143.850 GC heap before
{Heap before GC invocations=25 (full 0):
 garbage-first heap   total 199680K, used 116953K [0x0000000081c00000, 0x0000000100000000)
  region size 1024K, 2 young (2048K), 1 survivors (1024K)
 Metaspace       used 12617K, capacity 14375K, committed 14464K, reserved 1062912K
  class space    used 1711K, capacity 1908K, committed 1920K, reserved 1048576K
}
Event: 143.852 GC heap after
{Heap after GC invocations=26 (full 0):
 garbage-first heap   total 199680K, used 116955K [0x0000000081c00000, 0x0000000100000000)
  region size 1024K, 1 young (1024K), 1 survivors (1024K)
 Metaspace       used 12617K, capacity 14375K, committed 14464K, reserved 1062912K
  class space    used 1711K, capacity 1908K, committed 1920K, reserved 1048576K
}
Event: 143.877 GC heap before
{Heap before GC invocations=27 (full 0):
 garbage-first heap   total 208896K, used 122075K [0x0000000081c00000, 0x0000000100000000)
  region size 1024K, 2 young (2048K), 1 survivors (1024K)
 Metaspace       used 12617K, capacity 14375K, committed 14464K, reserved 1062912K
  class space    used 1711K, capacity 1908K, committed 1920K, reserved 1048576K
}
Event: 143.878 GC heap after
{Heap after GC invocations=28 (full 0):
 garbage-first heap   total 208896K, used 122075K [0x0000000081c00000, 0x0000000100000000)
  region size 1024K, 1 young (1024K), 1 survivors (1024K)
 Metaspace       used 12617K, capacity 14375K, committed 14464K, reserved 1062912K
  class space    used 1711K, capacity 1908K, committed 1920K, reserved 1048576K
}
Event: 143.907 GC heap before
{Heap before GC invocations=29 (full 0):
 garbage-first heap   total 217088K, used 127195K [0x0000000081c00000, 0x0000000100000000)
  region size 1024K, 2 young (2048K), 1 survivors (1024K)
 Metaspace       used 12620K, capacity 14375K, committed 14464K, reserved 1062912K
  class space    used 1711K, capacity 1908K, committed 1920K, reserved 1048576K
}
Event: 143.908 GC heap after
{Heap after GC invocations=30 (full 0):
 garbage-first heap   total 276480K, used 127197K [0x0000000081c00000, 0x0000000100000000)
  region size 1024K, 1 young (1024K), 1 survivors (1024K)
 Metaspace       used 12620K, capacity 14375K, committed 14464K, reserved 1062912K
  class space    used 1711K, capacity 1908K, committed 1920K, reserved 1048576K
}
Event: 143.939 GC heap before
{Heap before GC invocations=31 (full 0):
 garbage-first heap   total 276480K, used 132317K [0x0000000081c00000, 0x0000000100000000)
  region size 1024K, 2 young (2048K), 1 survivors (1024K)
 Metaspace       used 12625K, capacity 14375K, committed 14464K, reserved 1062912K
  class space    used 1711K, capacity 1908K, committed 1920K, reserved 1048576K
}
Event: 143.940 GC heap after
{Heap after GC invocations=32 (full 0):
 garbage-first heap   total 276480K, used 132319K [0x0000000081c00000, 0x0000000100000000)
  region size 1024K, 1 young (1024K), 1 survivors (1024K)
 Metaspace       used 12625K, capacity 14375K, committed 14464K, reserved 1062912K
  class space    used 1711K, capacity 1908K, committed 1920K, reserved 1048576K
}
Event: 143.967 GC heap before
{Heap before GC invocations=33 (full 0):
 garbage-first heap   total 276480K, used 137439K [0x0000000081c00000, 0x0000000100000000)
  region size 1024K, 2 young (2048K), 1 survivors (1024K)
 Metaspace       used 12625K, capacity 14375K, committed 14464K, reserved 1062912K
  class space    used 1711K, capacity 1908K, committed 1920K, reserved 1048576K
}
Event: 143.968 GC heap after
{Heap after GC invocations=34 (full 0):
 garbage-first heap   total 276480K, used 137446K [0x0000000081c00000, 0x0000000100000000)
  region size 1024K, 1 young (1024K), 1 survivors (1024K)
 Metaspace       used 12625K, capacity 14375K, committed 14464K, reserved 1062912K
  class space    used 1711K, capacity 1908K, committed 1920K, reserved 1048576K
}
Event: 143.995 GC heap before
{Heap before GC invocations=35 (full 0):
 garbage-first heap   total 276480K, used 142566K [0x0000000081c00000, 0x0000000100000000)
  region size 1024K, 2 young (2048K), 1 survivors (1024K)
 Metaspace       used 12625K, capacity 14375K, committed 14464K, reserved 1062912K
  class space    used 1711K, capacity 1908K, committed 1920K, reserved 1048576K
}
Event: 143.996 GC heap after
{Heap after GC invocations=36 (full 0):
 garbage-first heap   total 276480K, used 142573K [0x0000000081c00000, 0x0000000100000000)
  region size 1024K, 1 young (1024K), 1 survivors (1024K)
 Metaspace       used 12625K, capacity 14375K, committed 14464K, reserved 1062912K
  class space    used 1711K, capacity 1908K, committed 1920K, reserved 1048576K
}
Event: 144.024 GC heap before
{Heap before GC invocations=37 (full 0):
 garbage-first heap   total 276480K, used 147693K [0x0000000081c00000, 0x0000000100000000)
  region size 1024K, 2 young (2048K), 1 survivors (1024K)
 Metaspace       used 12626K, capacity 14375K, committed 14464K, reserved 1062912K
  class space    used 1711K, capacity 1908K, committed 1920K, reserved 1048576K
}

